<?xml version="1.0" encoding="UTF-8"?>
<!-- Generated by org.testng.reporters.JUnitXMLReporter -->
<testsuite ignored="0" hostname="Elisses-Laptop.local" failures="1" tests="3" name="Error Validations Test" time="31.019" errors="0" timestamp="2025-05-20T22:33:26 PST">
  <testcase classname="elissectesting.tests.ErrorValidationsTest" name="loginChecking" time="1.285">
    <skipped/>
  </testcase> <!-- loginChecking -->
  <testcase classname="elissectesting.tests.ErrorValidationsTest" name="loginChecking" time="1.286">
    <failure type="java.lang.AssertionError" message="
 ~~~Did Not Match!!~~~
 expected [Incorrect email or password!@@] but found [Incorrect email or password.]">
      <![CDATA[java.lang.AssertionError: 
 ~~~Did Not Match!!~~~
 expected [Incorrect email or password!@@] but found [Incorrect email or password.]
at elissectesting.tests.ErrorValidationsTest.loginChecking(ErrorValidationsTest.java:30)
at java.base/java.util.ArrayList.forEach(ArrayList.java:1596)
at java.base/java.util.concurrent.FutureTask.run(FutureTask.java:317)
at java.base/java.util.concurrent.ThreadPoolExecutor.runWorker(ThreadPoolExecutor.java:1144)
at java.base/java.util.concurrent.ThreadPoolExecutor$Worker.run(ThreadPoolExecutor.java:642)
at java.base/java.lang.Thread.run(Thread.java:1583)
... Removed 21 stack frames]]>
    </failure>
  </testcase> <!-- loginChecking -->
  <testcase classname="elissectesting.tests.ErrorValidationsTest" name="productChecking" time="2.873"/>
</testsuite> <!-- Error Validations Test -->
